<?xml version="1.0" encoding="UTF-8"?>
<testng-results ignored="0" total="2" passed="2" failed="0" skipped="0">
  <reporter-output>
  </reporter-output>
  <suite started-at="2022-08-09T02:54:14 EEST" name="Suite" finished-at="2022-08-09T02:54:23 EEST" duration-ms="9178">
    <groups>
    </groups>
    <test started-at="2022-08-09T02:54:14 EEST" name="Test" finished-at="2022-08-09T02:54:23 EEST" duration-ms="9178">
      <class name="newFullRegister.NewRegister">
        <test-method is-config="true" signature="beforeTest()[pri:0, instance:newFullRegister.NewRegister@6e4784bc]" started-at="2022-08-09T02:54:14 EEST" name="beforeTest" finished-at="2022-08-09T02:54:23 EEST" duration-ms="8359" status="PASS">
          <reporter-output>
          </reporter-output>
        </test-method> <!-- beforeTest -->
        <test-method signature="CheckTitle()[pri:0, instance:newFullRegister.NewRegister@6e4784bc]" started-at="2022-08-09T02:54:23 EEST" name="CheckTitle" finished-at="2022-08-09T02:54:23 EEST" duration-ms="16" status="PASS">
          <reporter-output>
          </reporter-output>
        </test-method> <!-- CheckTitle -->
        <test-method signature="PersonalInformation()[pri:0, instance:newFullRegister.NewRegister@6e4784bc]" started-at="2022-08-09T02:54:23 EEST" name="PersonalInformation" finished-at="2022-08-09T02:54:23 EEST" duration-ms="542" status="PASS">
          <reporter-output>
          </reporter-output>
        </test-method> <!-- PersonalInformation -->
        <test-method is-config="true" signature="TearDownDriver()[pri:0, instance:newFullRegister.NewRegister@6e4784bc]" started-at="2022-08-09T02:54:23 EEST" name="TearDownDriver" finished-at="2022-08-09T02:54:23 EEST" duration-ms="205" status="PASS">
          <reporter-output>
          </reporter-output>
        </test-method> <!-- TearDownDriver -->
      </class> <!-- newFullRegister.NewRegister -->
    </test> <!-- Test -->
  </suite> <!-- Suite -->
</testng-results>
